\BOOKMARK [1][-]{section.0.1}{\376\377\000S\000i\000m\000b\000o\000l\000i\000\040\000u\000t\000i\000l\000i\000z\000z\000a\000t\000i\000\040\000n\000e\000l\000\040\000t\000e\000s\000t\000o}{}% 1
\BOOKMARK [1][-]{section.0.2}{\376\377\000A\000p\000p\000u\000n\000t\000i\000\040\000s\000u\000l\000l\000e\000\040\000t\000e\000m\000p\000e\000r\000a\000t\000u\000r\000e\000\040\000d\000i\000\040\000c\000o\000t\000t\000u\000r\000a\000\040\000a\000l\000\040\000c\000u\000o\000r\000e}{}% 2
\BOOKMARK [1][-]{section.0.3}{\376\377\000A\000p\000p\000u\000n\000t\000i\000\040\000d\000i\000\040\000c\000o\000t\000t\000u\000r\000a\000\040\000a\000\040\000b\000a\000s\000s\000a\000\040\000t\000e\000m\000p\000e\000r\000a\000t\000u\000r\000a\000\040\000\050\000C\000B\000T\000\051}{}% 3
\BOOKMARK [0][-]{chapter.1}{\376\377\000P\000a\000n\000e\000\040\000e\000\040\000l\000i\000e\000v\000i\000t\000a\000t\000i}{}% 4
\BOOKMARK [1][-]{section.1.1}{\376\377\000C\000r\000a\000c\000k\000e\000r\000s\000\040\000a\000l\000\040\000s\000e\000s\000a\000m\000o}{chapter.1}% 5
\BOOKMARK [1][-]{section.1.2}{\376\377\000P\000a\000n\000i\000n\000i\000\040\000d\000a\000\040\000h\000a\000m\000b\000u\000r\000g\000e\000r\000\040\000v\000e\000l\000o\000c\000i}{chapter.1}% 6
\BOOKMARK [1][-]{section.1.3}{\376\377\000P\000i\000z\000z\000a\000\040\000d\000a\000\040\000p\000i\000z\000z\000e\000r\000i\000a}{chapter.1}% 7
\BOOKMARK [1][-]{section.1.4}{\376\377\000P\000i\000z\000z\000a\000\040\000i\000n\000\040\000t\000e\000g\000l\000i\000a}{chapter.1}% 8
\BOOKMARK [0][-]{chapter.2}{\376\377\000A\000n\000t\000i\000p\000a\000s\000t\000i}{}% 9
\BOOKMARK [1][-]{section.2.1}{\376\377\000M\000i\000n\000i\000\040\000h\000a\000m\000b\000u\000r\000g\000e\000r\000\040\000d\000i\000\040\000o\000r\000a\000t\000a}{chapter.2}% 10
\BOOKMARK [0][-]{chapter.3}{\376\377\000S\000a\000l\000e\000\040\000e\000\040\000p\000r\000e\000p\000a\000r\000a\000z\000i\000o\000n\000i\000\040\000d\000i\000\040\000b\000a\000s\000e}{}% 11
\BOOKMARK [1][-]{section.3.1}{\376\377\000B\000e\000s\000c\000i\000a\000m\000e\000l\000l\000a}{chapter.3}% 12
\BOOKMARK [1][-]{section.3.2}{\376\377\000C\000i\000p\000o\000l\000l\000e\000\040\000c\000a\000r\000a\000m\000e\000l\000l\000a\000t\000e}{chapter.3}% 13
\BOOKMARK [1][-]{section.3.3}{\376\377\000M\000a\000i\000o\000n\000e\000s\000e}{chapter.3}% 14
\BOOKMARK [1][-]{section.3.4}{\376\377\000R\000u\000b\000:\000\040\000M\000a\000g\000i\000c\000\040\000D\000u\000s\000t}{chapter.3}% 15
\BOOKMARK [1][-]{section.3.5}{\376\377\000S\000a\000l\000s\000a\000\040\000B\000B\000Q\000\040\000a\000l\000l\000'\000a\000b\000i\000c\000o\000c\000c\000a}{chapter.3}% 16
\BOOKMARK [1][-]{section.3.6}{\376\377\000S\000f\000o\000g\000l\000i\000a}{chapter.3}% 17
\BOOKMARK [0][-]{chapter.4}{\376\377\000P\000r\000i\000m\000i}{}% 18
\BOOKMARK [1][-]{section.4.1}{\376\377\000L\000a\000s\000a\000g\000n\000e}{chapter.4}% 19
\BOOKMARK [1][-]{section.4.2}{\376\377\000P\000e\000n\000n\000e\000\040\000r\000o\000s\000a}{chapter.4}% 20
\BOOKMARK [1][-]{section.4.3}{\376\377\000P\000e\000n\000n\000e\000\040\000a\000l\000l\000'\000u\000b\000r\000i\000a\000c\000a}{chapter.4}% 21
\BOOKMARK [1][-]{section.4.4}{\376\377\000P\000e\000s\000t\000o\000\040\000d\000e\000i\000\040\000c\000a\000p\000p\000e\000l\000l\000e\000t\000t\000i}{chapter.4}% 22
\BOOKMARK [1][-]{section.4.5}{\376\377\000R\000i\000s\000o\000\040\000p\000e\000r\000\040\000s\000u\000s\000h\000i\000,\000\040\000p\000o\000k\000e\000\040\000o\000\040\000i\000n\000s\000a\000l\000a\000t\000a}{chapter.4}% 23
\BOOKMARK [1][-]{section.4.6}{\376\377\000R\000i\000s\000o\000t\000t\000o\000\040\000c\000o\000n\000\040\000g\000a\000l\000l\000i\000n\000e\000l\000l\000a\000\040\000d\000i\000\040\000m\000a\000r\000e}{chapter.4}% 24
\BOOKMARK [1][-]{section.4.7}{\376\377\000S\000p\000a\000g\000h\000e\000t\000t\000i\000\040\000a\000l\000l\000a\000\040\000c\000a\000r\000b\000o\000n\000a\000r\000a}{chapter.4}% 25
\BOOKMARK [0][-]{chapter.5}{\376\377\000S\000e\000c\000o\000n\000d\000i\000\040\000d\000i\000\040\000p\000e\000s\000c\000e}{}% 26
\BOOKMARK [1][-]{section.5.1}{\376\377\000B\000a\000c\000c\000a\000l\000\340\000\040\000m\000a\000n\000t\000e\000c\000a\000t\000o}{chapter.5}% 27
\BOOKMARK [1][-]{section.5.2}{\376\377\000P\000e\000s\000c\000e\000\040\000s\000p\000a\000d\000a\000\040\000a\000l\000\040\000s\000a\000l\000m\000o\000r\000i\000g\000l\000i\000o}{chapter.5}% 28
\BOOKMARK [1][-]{section.5.3}{\376\377\000T\000a\000t\000a\000k\000i\000\040\000d\000i\000\040\000t\000o\000n\000n\000o\000\040\000f\000a\000g\000i\000o\000l\000i\000\040\000e\000\040\000c\000i\000p\000o\000l\000l\000a}{chapter.5}% 29
\BOOKMARK [0][-]{chapter.6}{\376\377\000S\000e\000c\000o\000n\000d\000i\000\040\000d\000i\000\040\000c\000a\000r\000n\000e}{}% 30
\BOOKMARK [1][-]{section.6.1}{\376\377\000N\000u\000g\000g\000e\000t\000s\000\040\000d\000i\000\040\000p\000o\000l\000l\000o}{chapter.6}% 31
\BOOKMARK [1][-]{section.6.2}{\376\377\000P\000o\000l\000p\000e\000t\000t\000o\000n\000e\000\040\000d\000i\000\040\000m\000a\000n\000z\000o}{chapter.6}% 32
\BOOKMARK [0][-]{chapter.7}{\376\377\000B\000B\000Q}{}% 33
\BOOKMARK [1][-]{section.7.1}{\376\377\000B\000o\000m\000b\000e\000t\000t\000e\000\040\000p\000u\000g\000l\000i\000e\000s\000i}{chapter.7}% 34
\BOOKMARK [1][-]{section.7.2}{\376\377\000E\000l\000i\000c\000h\000e\000\040\000d\000i\000\040\000p\000o\000l\000l\000o\000\040\000a\000l\000\040\000c\000u\000r\000r\000y}{chapter.7}% 35
\BOOKMARK [1][-]{section.7.3}{\376\377\000I\000n\000v\000o\000l\000t\000i\000n\000i\000\040\000d\000i\000\040\000c\000a\000r\000n\000e\000\040\000a\000l\000l\000a\000\040\000s\000i\000c\000i\000l\000i\000a\000n\000a}{chapter.7}% 36
\BOOKMARK [1][-]{section.7.4}{\376\377\000P\000o\000l\000l\000o\000\040\000m\000a\000r\000i\000n\000a\000t\000o\000\040\000a\000g\000l\000i\000\040\000a\000g\000r\000u\000m\000i}{chapter.7}% 37
\BOOKMARK [1][-]{section.7.5}{\376\377\000P\000o\000r\000k\000\040\000r\000i\000b\000s}{chapter.7}% 38
\BOOKMARK [1][-]{section.7.6}{\376\377\000C\000h\000i\000c\000k\000e\000n\000\040\000w\000i\000n\000g\000s}{chapter.7}% 39
\BOOKMARK [0][-]{chapter.8}{\376\377\000C\000o\000t\000t\000u\000r\000a\000\040\000a\000\040\000b\000a\000s\000s\000a\000\040\000t\000e\000m\000p\000e\000r\000a\000t\000u\000r\000a\000\040\000\050\000C\000B\000T\000\051}{}% 40
\BOOKMARK [1][-]{section.8.1}{\376\377\000B\000e\000e\000f\000\040\000r\000i\000b\000s\000\040\000\050\000C\000B\000T\000\051}{chapter.8}% 41
\BOOKMARK [1][-]{section.8.2}{\376\377\000S\000t\000i\000n\000c\000o\000\040\000d\000i\000\040\000m\000a\000i\000a\000l\000e\000\040\000\050\000C\000B\000T\000\051}{chapter.8}% 42
\BOOKMARK [1][-]{section.8.3}{\376\377\000V\000i\000t\000e\000l\000l\000o\000\040\000t\000o\000n\000n\000a\000t\000o\000\040\000\050\000C\000B\000T\000\051}{chapter.8}% 43
\BOOKMARK [0][-]{chapter.9}{\376\377\000D\000o\000l\000c\000i}{}% 44
\BOOKMARK [1][-]{section.9.1}{\376\377\000B\000a\000r\000r\000e\000t\000t\000e\000\040\000e\000n\000e\000r\000g\000e\000t\000i\000c\000h\000e}{chapter.9}% 45
\BOOKMARK [1][-]{section.9.2}{\376\377\000B\000i\000g\000n\000\351\000\040\000\050\000P\000a\000s\000t\000a\000\040\000c\000h\000o\000u\000x\000\051}{chapter.9}% 46
\BOOKMARK [1][-]{section.9.3}{\376\377\000B\000i\000s\000c\000o\000t\000t\000i\000\040\000d\000i\000\040\000N\000a\000t\000a\000l\000e}{chapter.9}% 47
\BOOKMARK [1][-]{section.9.4}{\376\377\000C\000a\000s\000s\000a\000t\000i\000n\000e\000\040\000s\000i\000c\000i\000l\000i\000a\000n\000e}{chapter.9}% 48
\BOOKMARK [1][-]{section.9.5}{\376\377\000C\000i\000o\000c\000c\000o\000l\000a\000t\000a\000\040\000i\000n\000\040\000t\000a\000z\000z\000a}{chapter.9}% 49
\BOOKMARK [1][-]{section.9.6}{\376\377\000C\000r\000e\000m\000a\000\040\000p\000a\000s\000t\000i\000c\000c\000e\000r\000a}{chapter.9}% 50
\BOOKMARK [1][-]{section.9.7}{\376\377\000C\000r\000o\000s\000t\000a\000t\000a\000\040\000d\000i\000\040\000l\000i\000m\000o\000n\000e\000\040\000e\000\040\000m\000a\000n\000d\000o\000r\000l\000e}{chapter.9}% 51
\BOOKMARK [1][-]{section.9.8}{\376\377\000G\000e\000l\000a\000t\000o\000:\000\040\000s\000t\000r\000a\000c\000c\000i\000a\000t\000e\000l\000l\000a\000\040\000a\000l\000\040\000b\000a\000s\000i\000l\000i\000c\000o}{chapter.9}% 52
\BOOKMARK [1][-]{section.9.9}{\376\377\000N\000o\000c\000c\000i\000o\000l\000a\000t\000a}{chapter.9}% 53
\BOOKMARK [1][-]{section.9.10}{\376\377\000P\000a\000n\000c\000a\000k\000e}{chapter.9}% 54
\BOOKMARK [1][-]{section.9.11}{\376\377\000P\000a\000s\000t\000a\000\040\000f\000r\000o\000l\000l\000a}{chapter.9}% 55
\BOOKMARK [1][-]{section.9.12}{\376\377\000T\000o\000r\000t\000e\000l\000l\000i\000n\000i\000\040\000a\000l\000\040\000f\000o\000r\000n\000o}{chapter.9}% 56
\BOOKMARK [0][-]{chapter.10}{\376\377\000C\000o\000c\000k\000t\000a\000i\000l\000s}{}% 57
\BOOKMARK [1][-]{section.10.1}{\376\377\000M\000u\000l\000e\000\040\000e\000\040\000d\000e\000r\000i\000v\000a\000t\000i}{chapter.10}% 58
\BOOKMARK [1][-]{section.10.2}{\376\377\000N\000e\000g\000r\000o\000n\000i\000\040\000\046\000\040\000d\000e\000r\000i\000v\000a\000t\000i}{chapter.10}% 59
\BOOKMARK [0][-]{chapter.11}{\376\377\000A\000p\000p\000u\000n\000t\000i}{}% 60
\BOOKMARK [1][-]{section.11.1}{\376\377\000B\000i\000t\000t\000e\000r\000:\000\040\000a\000p\000p\000u\000n\000t\000i}{chapter.11}% 61
\BOOKMARK [1][-]{section.11.2}{\376\377\000G\000i\000n\000:\000\040\000a\000p\000p\000u\000n\000t\000i}{chapter.11}% 62
\BOOKMARK [1][-]{section.11.3}{\376\377\000V\000e\000r\000m\000o\000u\000t\000h\000:\000\040\000a\000p\000p\000u\000n\000t\000i}{chapter.11}% 63
\BOOKMARK [1][-]{section.11.4}{\376\377\000G\000i\000a\000r\000d\000i\000n\000i\000e\000r\000a\000\040\000d\000i\000\040\000v\000e\000r\000d\000u\000r\000e\000\040\000f\000e\000r\000m\000e\000n\000t\000a\000t\000e}{chapter.11}% 64
\BOOKMARK [-1][-]{part.1}{\376\377\000I\000\040\000I\000n\000d\000i\000c\000i}{}% 65
\BOOKMARK [0][-]{section*.11}{\376\377\000I\000n\000d\000i\000c\000e\000\040\000d\000e\000g\000l\000i\000\040\000i\000n\000g\000r\000e\000d\000i\000e\000n\000t\000i}{part.1}% 66
