\BOOKMARK [0][-]{part.1}{\376\377\000I\000\040\000A\000n\000t\000i\000p\000a\000s\000t\000i}{}% 1
\BOOKMARK [1][-]{section.1}{\376\377\000M\000i\000n\000i\000\040\000h\000a\000m\000b\000u\000r\000g\000e\000r\000\040\000d\000i\000\040\000r\000i\000c\000c\000i\000o\000l\000a}{part.1}% 2
\BOOKMARK [0][-]{part.2}{\376\377\000I\000I\000\040\000S\000a\000l\000e\000\040\000e\000\040\000p\000r\000e\000p\000a\000r\000a\000z\000i\000o\000n\000i\000\040\000d\000i\000\040\000b\000a\000s\000e}{}% 3
\BOOKMARK [1][-]{section.2}{\376\377\000R\000u\000b\000:\000\040\000M\000y\000\040\000M\000a\000g\000i\000c\000\040\000D\000u\000s\000t}{part.2}% 4
\BOOKMARK [1][-]{section.3}{\376\377\000S\000a\000l\000s\000a\000\040\000B\000B\000Q\000\040\000a\000l\000l\000'\000a\000b\000i\000c\000o\000c\000c\000a}{part.2}% 5
\BOOKMARK [0][-]{part.3}{\376\377\000I\000I\000I\000\040\000P\000r\000i\000m\000i}{}% 6
\BOOKMARK [1][-]{section.4}{\376\377\000R\000i\000s\000o\000t\000t\000o\000\040\000c\000o\000n\000\040\000g\000a\000l\000l\000i\000n\000e\000l\000l\000a\000\040\000d\000i\000\040\000m\000a\000r\000e}{part.3}% 7
\BOOKMARK [0][-]{part.4}{\376\377\000I\000V\000\040\000S\000e\000c\000o\000n\000d\000i\000\040\000d\000i\000\040\000p\000e\000s\000c\000e}{}% 8
\BOOKMARK [1][-]{section.5}{\376\377\000P\000e\000s\000c\000e\000\040\000s\000p\000a\000d\000a\000\040\000a\000l\000\040\000s\000a\000l\000m\000o\000r\000i\000g\000l\000i\000o}{part.4}% 9
\BOOKMARK [1][-]{section.6}{\376\377\000T\000a\000t\000a\000k\000i\000\040\000d\000i\000\040\000t\000o\000n\000n\000o\000\040\000f\000a\000g\000i\000o\000l\000i\000\040\000e\000\040\000c\000i\000p\000o\000l\000l\000a}{part.4}% 10
\BOOKMARK [0][-]{part.5}{\376\377\000V\000\040\000S\000e\000c\000o\000n\000d\000i\000\040\000d\000i\000\040\000c\000a\000r\000n\000e}{}% 11
\BOOKMARK [1][-]{section.7}{\376\377\000N\000u\000g\000g\000e\000t\000s\000\040\000d\000i\000\040\000p\000o\000l\000l\000o}{part.5}% 12
\BOOKMARK [1][-]{section.8}{\376\377\000P\000o\000l\000p\000e\000t\000t\000o\000n\000e\000\040\000d\000i\000\040\000m\000a\000n\000z\000o}{part.5}% 13
\BOOKMARK [0][-]{part.6}{\376\377\000V\000I\000\040\000B\000B\000Q}{}% 14
\BOOKMARK [1][-]{section.9}{\376\377\000B\000o\000m\000b\000e\000t\000t\000e\000\040\000p\000u\000g\000l\000i\000e\000s\000i}{part.6}% 15
\BOOKMARK [1][-]{section.10}{\376\377\000E\000l\000i\000c\000h\000e\000\040\000d\000i\000\040\000p\000o\000l\000l\000o\000\040\000a\000l\000\040\000c\000u\000r\000r\000y}{part.6}% 16
\BOOKMARK [1][-]{section.11}{\376\377\000I\000n\000v\000o\000l\000t\000i\000n\000i\000\040\000d\000i\000\040\000c\000a\000r\000n\000e\000\040\000a\000l\000l\000a\000\040\000s\000i\000c\000i\000l\000i\000a\000n\000a}{part.6}% 17
\BOOKMARK [1][-]{section.12}{\376\377\000C\000h\000i\000c\000k\000e\000n\000\040\000w\000i\000n\000g\000s}{part.6}% 18
\BOOKMARK [1][-]{section.13}{\376\377\000S\000t\000i\000n\000c\000o\000\040\000d\000i\000\040\000m\000a\000i\000a\000l\000e\000\040\000\050\000C\000B\000T\000\051}{part.6}% 19
\BOOKMARK [1][-]{section.14}{\376\377\000V\000i\000t\000e\000l\000l\000o\000\040\000t\000o\000n\000n\000a\000t\000o\000\040\000\050\000C\000B\000T\000\051}{part.6}% 20
\BOOKMARK [0][-]{part.7}{\376\377\000V\000I\000I\000\040\000D\000o\000l\000c\000i}{}% 21
\BOOKMARK [1][-]{section.15}{\376\377\000P\000a\000n\000c\000a\000k\000e}{part.7}% 22
\BOOKMARK [1][-]{section.16}{\376\377\000B\000i\000s\000c\000o\000t\000t\000i\000\040\000d\000i\000\040\000N\000a\000t\000a\000l\000e}{part.7}% 23
