\BOOKMARK [0][-]{part.1}{I Introduzione}{}% 1
\BOOKMARK [1][-]{section.1}{Temperature di cottura}{part.1}% 2
\BOOKMARK [0][-]{part.2}{II Pane e lievitati}{}% 3
\BOOKMARK [1][-]{section.2}{Panini da hamburger}{part.2}% 4
\BOOKMARK [1][-]{section.3}{Panini da hamburgher veloci}{part.2}% 5
\BOOKMARK [1][-]{section.4}{Crackers al sesamo}{part.2}% 6
\BOOKMARK [0][-]{part.3}{III Pesce}{}% 7
\BOOKMARK [1][-]{section.5}{Risotto alla gallinella}{part.3}% 8
\BOOKMARK [1][-]{section.6}{Pesce spada al salmoriglio}{part.3}% 9
\BOOKMARK [1][-]{section.7}{Tataki di tonno fagioli e cipolla}{part.3}% 10
\BOOKMARK [1][-]{section.8}{Mini hamburger di ricciola}{part.3}% 11
\BOOKMARK [0][-]{part.4}{IV Carne}{}% 12
\BOOKMARK [1][-]{section.9}{Polpettone}{part.4}% 13
\BOOKMARK [1][-]{section.10}{Nuggets di pollo}{part.4}% 14
\BOOKMARK [0][-]{part.5}{V BBQ}{}% 15
\BOOKMARK [1][-]{section.11}{Eliche di pollo al curry}{part.5}% 16
\BOOKMARK [1][-]{section.12}{Smoked chicken wings}{part.5}% 17
\BOOKMARK [1][-]{section.13}{Bombette pugliesi}{part.5}% 18
\BOOKMARK [1][-]{section.14}{Involtini di carne alla siciliana}{part.5}% 19
\BOOKMARK [0][-]{part.6}{VI Cottura a bassa temperatura \(CBT\)}{}% 20
\BOOKMARK [1][-]{section.15}{Stinco di maiale \(CBT\)}{part.6}% 21
\BOOKMARK [1][-]{section.16}{Vitello tonnato \(CBT\)}{part.6}% 22
\BOOKMARK [0][-]{part.7}{VII Dolci}{}% 23
\BOOKMARK [1][-]{section.17}{Pancake}{part.7}% 24
\BOOKMARK [1][-]{section.18}{Biscotti di Natale}{part.7}% 25
